<?xml version="1.0" encoding="UTF-8"?>
<!-- Generated by org.testng.reporters.JUnitReportReporter -->
<testsuite skipped="0" hostname="MAHANKALI" name="com.test.session.com.test.sample.test_testngexample" tests="2" failures="0" timestamp="12 Apr 2018 11:22:56 GMT" time="0.013" errors="0">
  <testcase name="E" time="0.008" classname="com.test.session.com.test.sample.test_testngexample"/>
  <testcase name="B" time="0.005" classname="com.test.session.com.test.sample.test_testngexample"/>
</testsuite> <!-- com.test.session.com.test.sample.test_testngexample -->
