<?xml version="1.0" encoding="UTF-8"?>
<!-- Generated by org.testng.reporters.JUnitReportReporter -->
<testsuite skipped="0" hostname="MAHANKALI" name="com.test.session.com.test.sample.verifydemotours" tests="1" failures="0" timestamp="21 Apr 2018 23:10:05 GMT" time="136.146" errors="0">
  <testcase name="crosscheck" time="136.146" classname="com.test.session.com.test.sample.verifydemotours"/>
</testsuite> <!-- com.test.session.com.test.sample.verifydemotours -->
