<?xml version="1.0" encoding="UTF-8"?>
<!-- Generated by org.testng.reporters.JUnitReportReporter -->
<testsuite skipped="0" hostname="MAHANKALI" name="com.multiple.smoke.firstclass" tests="1" failures="0" timestamp="05 Apr 2018 20:51:39 GMT" time="0.001" errors="0">
  <testcase name="testone" time="0.001" classname="com.multiple.smoke.firstclass"/>
</testsuite> <!-- com.multiple.smoke.firstclass -->
